<?xml version="1.0" encoding="UTF-8"?>
<!-- Generated by org.testng.reporters.JUnitReportReporter -->
<testsuite skipped="0" hostname="houzf-PC" name="com.good.http.MyHttpClient" tests="2" failures="0" timestamp="03 六月 2018 08:50:10 GMT" time="0.793" errors="0">
  <testcase name="takecookies" time="0.097" classname="com.good.http.MyHttpClient"/>
  <testcase name="test1" time="0.696" classname="com.good.http.MyHttpClient"/>
</testsuite> <!-- com.good.http.MyHttpClient -->
