<?xml version="1.0" encoding="UTF-8"?>
<!-- Generated by org.testng.reporters.JUnitReportReporter -->
<testsuite skipped="1" hostname="houzf-PC" name="suit.Igno" tests="3" failures="0" timestamp="31 五月 2018 12:46:03 GMT" time="0.014" errors="0">
  <testcase name="ignore1" time="0.012" classname="suit.Igno"/>
  <testcase name="ignore3" time="0.002" classname="suit.Igno"/>
  <testcase name="ignore2" classname="suit.Igno">
    <skipped/>
  </testcase> <!-- ignore2 -->
</testsuite> <!-- suit.Igno -->
