<?xml version="1.0" encoding="UTF-8"?>
<!-- Generated by org.testng.reporters.JUnitReportReporter -->
<testsuite skipped="0" hostname="houzf-PC" name="group.GroupMethod" tests="4" failures="0" timestamp="31 五月 2018 12:56:56 GMT" time="0.016" errors="0">
  <testcase name="group3" time="0.004" classname="group.GroupMethod"/>
  <testcase name="group4" time="0.003" classname="group.GroupMethod"/>
  <testcase name="group1" time="0.007" classname="group.GroupMethod"/>
  <testcase name="group2" time="0.002" classname="group.GroupMethod"/>
</testsuite> <!-- group.GroupMethod -->
