<?xml version="1.0" encoding="UTF-8"?>
<!-- Generated by org.testng.reporters.JUnitReportReporter -->
<testsuite skipped="0" hostname="houzf-PC" name="com.test.App" tests="2" failures="0" timestamp="30 五月 2018 13:44:46 GMT" time="0.012" errors="0">
  <testcase name="test2" time="0.005" classname="com.test.App"/>
  <testcase name="test1" time="0.007" classname="com.test.App"/>
</testsuite> <!-- com.test.App -->
