<?xml version="1.0" encoding="UTF-8"?>
<!-- Generated by org.testng.reporters.JUnitReportReporter -->
<testsuite skipped="0" hostname="houzf-PC" name="MulitThread.Mulit" tests="10" failures="0" timestamp="31 五月 2018 14:48:16 GMT" time="0.101" errors="0">
  <testcase name="test1" time="0.006" classname="MulitThread.Mulit"/>
  <testcase name="test1" time="0.018" classname="MulitThread.Mulit"/>
  <testcase name="test1" time="0.003" classname="MulitThread.Mulit"/>
  <testcase name="test1" time="0.019" classname="MulitThread.Mulit"/>
  <testcase name="test1" time="0.008" classname="MulitThread.Mulit"/>
  <testcase name="test1" time="0.018" classname="MulitThread.Mulit"/>
  <testcase name="test1" time="0.004" classname="MulitThread.Mulit"/>
  <testcase name="test1" time="0.011" classname="MulitThread.Mulit"/>
  <testcase name="test1" time="0.011" classname="MulitThread.Mulit"/>
  <testcase name="test1" time="0.003" classname="MulitThread.Mulit"/>
</testsuite> <!-- MulitThread.Mulit -->
