<?xml version="1.0" encoding="UTF-8"?>
<!-- Generated by org.testng.reporters.JUnitReportReporter -->
<testsuite skipped="0" hostname="houzf-PC" name="MulitThread.Mio" tests="3" failures="0" timestamp="31 五月 2018 15:13:58 GMT" time="0.006" errors="0">
  <testcase name="test233" time="0.002" classname="MulitThread.Mio"/>
  <testcase name="test355" time="0.002" classname="MulitThread.Mio"/>
  <testcase name="test33" time="0.002" classname="MulitThread.Mio"/>
</testsuite> <!-- MulitThread.Mio -->
