<?xml version="1.0" encoding="UTF-8"?>
<!-- Generated by org.testng.reporters.JUnitReportReporter -->
<testsuite skipped="0" hostname="houzf-PC" name="com.test.Exception" tests="1" failures="0" timestamp="31 五月 2018 13:36:21 GMT" time="0.014" errors="0">
  <testcase name="ty" time="0.014" classname="com.test.Exception"/>
</testsuite> <!-- com.test.Exception -->
