<?xml version="1.0" encoding="UTF-8"?>
<!-- Generated by org.testng.reporters.JUnitReportReporter -->
<testsuite skipped="0" hostname="houzf-PC" name="suit.Pays" tests="1" failures="0" timestamp="30 五月 2018 13:44:46 GMT" time="0.002" errors="0">
  <testcase name="name" time="0.002" classname="suit.Pays"/>
</testsuite> <!-- suit.Pays -->
