<?xml version="1.0" encoding="UTF-8"?>
<!-- Generated by org.testng.reporters.JUnitReportReporter -->
<testsuite skipped="0" hostname="houzf-PC" name="Paramiter.ParameterTest" tests="1" failures="0" timestamp="31 五月 2018 14:16:43 GMT" time="0.022" errors="0">
  <testcase name="para" time="0.022" classname="Paramiter.ParameterTest"/>
</testsuite> <!-- Paramiter.ParameterTest -->
