<?xml version="1.0" encoding="UTF-8"?>
<!-- Generated by org.testng.reporters.JUnitReportReporter -->
<testsuite skipped="0" hostname="houzf-PC" name="Paramiter.DateObject" tests="5" failures="0" timestamp="31 五月 2018 14:41:17 GMT" time="0.032" errors="0">
  <testcase name="test1" time="0.018" classname="Paramiter.DateObject"/>
  <testcase name="test2" time="0.003" classname="Paramiter.DateObject"/>
  <testcase name="testDate" time="0.003" classname="Paramiter.DateObject"/>
  <testcase name="testDate" time="0.004" classname="Paramiter.DateObject"/>
  <testcase name="testDate" time="0.004" classname="Paramiter.DateObject"/>
</testsuite> <!-- Paramiter.DateObject -->
