<?xml version="1.0" encoding="UTF-8"?>
<!-- Generated by org.testng.reporters.JUnitReportReporter -->
<testsuite skipped="0" hostname="houzf-PC" name="MulitThread.MUou" tests="3" failures="0" timestamp="31 五月 2018 15:13:58 GMT" time="0.017" errors="0">
  <testcase name="test2" time="0.002" classname="MulitThread.MUou"/>
  <testcase name="test3" time="0.002" classname="MulitThread.MUou"/>
  <testcase name="test1" time="0.013" classname="MulitThread.MUou"/>
</testsuite> <!-- MulitThread.MUou -->
